<?xml version="1.0" encoding="UTF-8"?>
<!-- Generated by org.testng.reporters.JUnitReportReporter -->
<testsuite hostname="DESKTOP-UM2MPT8" failures="0" tests="6" name="TestScenarios.LoginPageTest" time="25.743" errors="0" timestamp="2023-09-19T14:15:35 IST" skipped="0">
  <testcase classname="TestScenarios.LoginPageTest" name="TestLoginPageUI" time="3.131"/>
  <system-out/>
  <testcase classname="TestScenarios.LoginPageTest" name="TestSubmissionWithEmptyInput" time="6.867"/>
  <system-out/>
  <testcase classname="TestScenarios.LoginPageTest" name="TestSubmissionWithEmptyUsername" time="3.787"/>
  <system-out/>
  <testcase classname="TestScenarios.LoginPageTest" name="TestSubmissionWithEmptyPassword" time="4.496"/>
  <system-out/>
  <testcase classname="TestScenarios.LoginPageTest" name="TestSubmissionWithInvalidPassword" time="3.654"/>
  <system-out/>
  <testcase classname="TestScenarios.LoginPageTest" name="TestSuccessfulLogin" time="3.808"/>
  <system-out/>
</testsuite> <!-- TestScenarios.LoginPageTest -->
