<?xml version="1.0" encoding="UTF-8"?>
<!-- Generated by org.testng.reporters.JUnitReportReporter -->
<testsuite hostname="DESKTOP-UM2MPT8" failures="0" tests="8" name="TestScenarios.JobsPageTest" time="35.822" errors="0" timestamp="2023-09-19T14:15:35 IST" skipped="0">
  <testcase classname="TestScenarios.JobsPageTest" name="ProfileContainerUI" time="3.816"/>
  <system-out/>
  <testcase classname="TestScenarios.JobsPageTest" name="SuccessfulSearch" time="4.354"/>
  <system-out/>
  <testcase classname="TestScenarios.JobsPageTest" name="SuccessfulSearch" time="4.835"/>
  <system-out/>
  <testcase classname="TestScenarios.JobsPageTest" name="SuccessfulSearch" time="4.516"/>
  <system-out/>
  <testcase classname="TestScenarios.JobsPageTest" name="SuccessfulSearch" time="4.487"/>
  <system-out/>
  <testcase classname="TestScenarios.JobsPageTest" name="SuccessfulSearch" time="4.922"/>
  <system-out/>
  <testcase classname="TestScenarios.JobsPageTest" name="SuccessfulSearch" time="4.557"/>
  <system-out/>
  <testcase classname="TestScenarios.JobsPageTest" name="UnsuccessfulSearch" time="4.335"/>
  <system-out/>
</testsuite> <!-- TestScenarios.JobsPageTest -->
