<?xml version="1.0" encoding="UTF-8"?>
<!-- Generated by org.testng.reporters.JUnitReportReporter -->
<testsuite hostname="DESKTOP-UM2MPT8" failures="0" tests="5" name="TestScenarios.HeaderSectionTest" time="24.303" errors="0" timestamp="2023-09-19T14:15:35 IST" skipped="0">
  <testcase classname="TestScenarios.HeaderSectionTest" name="HeaderSectionAppLogoImage" time="3.557"/>
  <system-out/>
  <testcase classname="TestScenarios.HeaderSectionTest" name="ClickOnNavbarJobsLink" time="7.299"/>
  <system-out/>
  <testcase classname="TestScenarios.HeaderSectionTest" name="ClickOnAppLogo" time="4.647"/>
  <system-out/>
  <testcase classname="TestScenarios.HeaderSectionTest" name="ClickOnNavbarHome" time="4.977"/>
  <system-out/>
  <testcase classname="TestScenarios.HeaderSectionTest" name="ClickOnLogout" time="3.823"/>
  <system-out/>
</testsuite> <!-- TestScenarios.HeaderSectionTest -->
