<?xml version="1.0" encoding="UTF-8"?>
<!-- Generated by org.testng.reporters.JUnitReportReporter -->
<testsuite hostname="DESKTOP-UM2MPT8" failures="0" tests="2" name="TestScenarios.HomePageTest" time="7.854" errors="0" timestamp="2023-09-19T14:15:35 IST" skipped="0">
  <testcase classname="TestScenarios.HomePageTest" name="HomePageHeadingText" time="3.706"/>
  <system-out/>
  <testcase classname="TestScenarios.HomePageTest" name="ClickOnFindJobFunctionality" time="4.148"/>
  <system-out/>
</testsuite> <!-- TestScenarios.HomePageTest -->
